2018-06-12 16:15:08.012 INFO [main][StartupInfoLogger.java:48] - Starting HrcServerApplication on Terry123123 with PID 6036 (C:\Users\Administrator\git\huarong-core\target\classes started by Administrator in C:\Users\Administrator\git\huarong-core)
2018-06-12 16:15:08.059 INFO [main][SpringApplication.java:597] - The following profiles are active: dev
2018-06-12 16:15:08.350 INFO [main][AbstractApplicationContext.java:583] - Refreshing org.springframework.boot.context.embedded.AnnotationConfigEmbeddedWebApplicationContext@27912e3: startup date [Tue Jun 12 16:15:08 GMT+08:00 2018]; root of context hierarchy
2018-06-12 16:15:08.943 INFO [background-preinit][Version.java:30] - HV000001: Hibernate Validator 5.3.5.Final
2018-06-12 16:15:10.789 INFO [main][RepositoryConfigurationDelegate.java:165] - Multiple Spring Data modules found, entering strict repository configuration mode!
2018-06-12 16:15:10.873 INFO [main][RepositoryConfigurationDelegate.java:165] - Multiple Spring Data modules found, entering strict repository configuration mode!
2018-06-12 16:15:13.232 INFO [main][TomcatEmbeddedServletContainer.java:89] - Tomcat initialized with port(s): 8081 (http)
2018-06-12 16:15:13.275 INFO [main][DirectJDKLog.java:179] - Starting service [Tomcat]
2018-06-12 16:15:13.277 INFO [main][DirectJDKLog.java:179] - Starting Servlet Engine: Apache Tomcat/8.5.20
2018-06-12 16:15:13.574 INFO [localhost-startStop-1][DirectJDKLog.java:179] - Initializing Spring embedded WebApplicationContext
2018-06-12 16:15:13.574 INFO [localhost-startStop-1][EmbeddedWebApplicationContext.java:276] - Root WebApplicationContext: initialization completed in 5244 ms
2018-06-12 16:15:14.036 INFO [localhost-startStop-1][AbstractFilterRegistrationBean.java:258] - Mapping filter: 'characterEncodingFilter' to: [/*]
2018-06-12 16:15:14.036 INFO [localhost-startStop-1][AbstractFilterRegistrationBean.java:258] - Mapping filter: 'hiddenHttpMethodFilter' to: [/*]
2018-06-12 16:15:14.037 INFO [localhost-startStop-1][AbstractFilterRegistrationBean.java:258] - Mapping filter: 'httpPutFormContentFilter' to: [/*]
2018-06-12 16:15:14.037 INFO [localhost-startStop-1][AbstractFilterRegistrationBean.java:258] - Mapping filter: 'requestContextFilter' to: [/*]
2018-06-12 16:15:14.038 INFO [localhost-startStop-1][AbstractFilterRegistrationBean.java:258] - Mapping filter: 'springSecurityFilterChain' to: [/*]
2018-06-12 16:15:14.039 INFO [localhost-startStop-1][ServletRegistrationBean.java:190] - Mapping servlet: 'dispatcherServlet' to [/]
2018-06-12 16:15:14.920 INFO [main][LocalContainerEntityManagerFactoryBean.java:349] - Building JPA container EntityManagerFactory for persistence unit 'default'
2018-06-12 16:15:15.344 INFO [main][Version.java:37] - HHH000412: Hibernate Core {5.0.12.Final}
2018-06-12 16:15:15.348 INFO [main][Environment.java:213] - HHH000206: hibernate.properties not found
2018-06-12 16:15:15.351 INFO [main][Environment.java:317] - HHH000021: Bytecode provider name : javassist
2018-06-12 16:15:15.502 INFO [main][JavaReflectionManager.java:66] - HCANN000001: Hibernate Commons Annotations {5.0.1.Final}
2018-06-12 16:15:16.635 INFO [main][Dialect.java:156] - HHH000400: Using dialect: org.hibernate.dialect.MySQL5Dialect
2018-06-12 16:15:17.801 INFO [main][SchemaUpdate.java:105] - HHH000228: Running hbm2ddl schema update
2018-06-12 16:15:17.823 INFO [main][InformationExtractorJdbcDatabaseMetaDataImpl.java:365] - HHH000262: Table not found: t_user
2018-06-12 16:15:17.826 INFO [main][InformationExtractorJdbcDatabaseMetaDataImpl.java:365] - HHH000262: Table not found: t_user
2018-06-12 16:15:18.328 INFO [main][AbstractEntityManagerFactoryBean.java:379] - Initialized JPA EntityManagerFactory for persistence unit 'default'
2018-06-12 16:15:19.594 INFO [main][RequestMappingHandlerAdapter.java:534] - Looking for @ControllerAdvice: org.springframework.boot.context.embedded.AnnotationConfigEmbeddedWebApplicationContext@27912e3: startup date [Tue Jun 12 16:15:08 GMT+08:00 2018]; root of context hierarchy
2018-06-12 16:15:19.810 INFO [main][AbstractHandlerMethodMapping.java:543] - Mapped "{[/error]}" onto public org.springframework.http.ResponseEntity<java.util.Map<java.lang.String, java.lang.Object>> org.springframework.boot.autoconfigure.web.BasicErrorController.error(javax.servlet.http.HttpServletRequest)
2018-06-12 16:15:19.812 INFO [main][AbstractHandlerMethodMapping.java:543] - Mapped "{[/error],produces=[text/html]}" onto public org.springframework.web.servlet.ModelAndView org.springframework.boot.autoconfigure.web.BasicErrorController.errorHtml(javax.servlet.http.HttpServletRequest,javax.servlet.http.HttpServletResponse)
2018-06-12 16:15:19.865 INFO [main][AbstractUrlHandlerMapping.java:362] - Mapped URL path [/webjars/**] onto handler of type [class org.springframework.web.servlet.resource.ResourceHttpRequestHandler]
2018-06-12 16:15:19.865 INFO [main][AbstractUrlHandlerMapping.java:362] - Mapped URL path [/**] onto handler of type [class org.springframework.web.servlet.resource.ResourceHttpRequestHandler]
2018-06-12 16:15:19.986 INFO [main][AbstractUrlHandlerMapping.java:362] - Mapped URL path [/**/favicon.ico] onto handler of type [class org.springframework.web.servlet.resource.ResourceHttpRequestHandler]
2018-06-12 16:15:21.026 INFO [main][AuthenticationManagerConfiguration.java:173] - 

Using default security password: 2da796f6-2488-4ea8-8362-9897ecfbf05d

2018-06-12 16:15:21.243 INFO [main][DefaultSecurityFilterChain.java:43] - Creating filter chain: OrRequestMatcher [requestMatchers=[Ant [pattern='/css/**'], Ant [pattern='/js/**'], Ant [pattern='/images/**'], Ant [pattern='/webjars/**'], Ant [pattern='/**/favicon.ico'], Ant [pattern='/error']]], []
2018-06-12 16:15:21.412 INFO [main][DefaultSecurityFilterChain.java:43] - Creating filter chain: org.springframework.boot.autoconfigure.security.SpringBootWebSecurityConfiguration$ApplicationNoWebSecurityConfigurerAdapter$1@6e9a10cd, [org.springframework.security.web.context.request.async.WebAsyncManagerIntegrationFilter@6ea66c33, org.springframework.security.web.context.SecurityContextPersistenceFilter@3ef2b8e5, org.springframework.security.web.header.HeaderWriterFilter@4cfcac13, org.springframework.security.web.csrf.CsrfFilter@5563bb40, org.springframework.security.web.authentication.logout.LogoutFilter@6f3b13d0, org.springframework.security.web.savedrequest.RequestCacheAwareFilter@5d717f19, org.springframework.security.web.servletapi.SecurityContextHolderAwareRequestFilter@1570cad0, org.springframework.security.web.authentication.AnonymousAuthenticationFilter@59b447a4, org.springframework.security.web.session.SessionManagementFilter@4276ad40, org.springframework.security.web.access.ExceptionTranslationFilter@456aa471]
2018-06-12 16:15:21.734 INFO [main][MBeanExporter.java:431] - Registering beans for JMX exposure on startup
2018-06-12 16:15:21.785 INFO [main][DirectJDKLog.java:179] - Initializing ProtocolHandler ["http-nio-8081"]
2018-06-12 16:15:21.813 INFO [main][DirectJDKLog.java:179] - Starting ProtocolHandler ["http-nio-8081"]
2018-06-12 16:15:21.943 INFO [main][DirectJDKLog.java:179] - Using a shared selector for servlet write/read
2018-06-12 16:15:21.989 INFO [main][TomcatEmbeddedServletContainer.java:201] - Tomcat started on port(s): 8081 (http)
2018-06-12 16:15:22.000 INFO [main][StartupInfoLogger.java:57] - Started HrcServerApplication in 15.016 seconds (JVM running for 18.895)
2018-06-12 16:27:01.259 INFO [main][StartupInfoLogger.java:48] - Starting ServerApplication on Terry123123 with PID 5368 (C:\Users\Administrator\git\huarong-core\target\classes started by Administrator in C:\Users\Administrator\git\huarong-core)
2018-06-12 16:27:01.266 INFO [main][SpringApplication.java:597] - The following profiles are active: dev
2018-06-12 16:27:01.406 INFO [main][AbstractApplicationContext.java:583] - Refreshing org.springframework.boot.context.embedded.AnnotationConfigEmbeddedWebApplicationContext@27912e3: startup date [Tue Jun 12 16:27:01 GMT+08:00 2018]; root of context hierarchy
2018-06-12 16:27:02.015 INFO [background-preinit][Version.java:30] - HV000001: Hibernate Validator 5.3.5.Final
2018-06-12 16:27:02.677 INFO [main][RepositoryConfigurationDelegate.java:165] - Multiple Spring Data modules found, entering strict repository configuration mode!
2018-06-12 16:27:02.715 INFO [main][RepositoryConfigurationDelegate.java:165] - Multiple Spring Data modules found, entering strict repository configuration mode!
2018-06-12 16:27:04.277 INFO [main][TomcatEmbeddedServletContainer.java:89] - Tomcat initialized with port(s): 8081 (http)
2018-06-12 16:27:04.301 INFO [main][DirectJDKLog.java:179] - Starting service [Tomcat]
2018-06-12 16:27:04.304 INFO [main][DirectJDKLog.java:179] - Starting Servlet Engine: Apache Tomcat/8.5.20
2018-06-12 16:27:04.597 INFO [localhost-startStop-1][DirectJDKLog.java:179] - Initializing Spring embedded WebApplicationContext
2018-06-12 16:27:04.597 INFO [localhost-startStop-1][EmbeddedWebApplicationContext.java:276] - Root WebApplicationContext: initialization completed in 3196 ms
2018-06-12 16:27:05.023 INFO [localhost-startStop-1][AbstractFilterRegistrationBean.java:258] - Mapping filter: 'characterEncodingFilter' to: [/*]
2018-06-12 16:27:05.024 INFO [localhost-startStop-1][AbstractFilterRegistrationBean.java:258] - Mapping filter: 'hiddenHttpMethodFilter' to: [/*]
2018-06-12 16:27:05.024 INFO [localhost-startStop-1][AbstractFilterRegistrationBean.java:258] - Mapping filter: 'httpPutFormContentFilter' to: [/*]
2018-06-12 16:27:05.024 INFO [localhost-startStop-1][AbstractFilterRegistrationBean.java:258] - Mapping filter: 'requestContextFilter' to: [/*]
2018-06-12 16:27:05.026 INFO [localhost-startStop-1][AbstractFilterRegistrationBean.java:258] - Mapping filter: 'springSecurityFilterChain' to: [/*]
2018-06-12 16:27:05.026 INFO [localhost-startStop-1][ServletRegistrationBean.java:190] - Mapping servlet: 'dispatcherServlet' to [/]
2018-06-12 16:27:05.490 INFO [main][LocalContainerEntityManagerFactoryBean.java:349] - Building JPA container EntityManagerFactory for persistence unit 'default'
2018-06-12 16:27:05.668 INFO [main][Version.java:37] - HHH000412: Hibernate Core {5.0.12.Final}
2018-06-12 16:27:05.670 INFO [main][Environment.java:213] - HHH000206: hibernate.properties not found
2018-06-12 16:27:05.673 INFO [main][Environment.java:317] - HHH000021: Bytecode provider name : javassist
2018-06-12 16:27:05.757 INFO [main][JavaReflectionManager.java:66] - HCANN000001: Hibernate Commons Annotations {5.0.1.Final}
2018-06-12 16:27:06.466 INFO [main][Dialect.java:156] - HHH000400: Using dialect: org.hibernate.dialect.MySQL5Dialect
2018-06-12 16:27:07.231 INFO [main][SchemaUpdate.java:105] - HHH000228: Running hbm2ddl schema update
2018-06-12 16:27:07.256 INFO [main][InformationExtractorJdbcDatabaseMetaDataImpl.java:365] - HHH000262: Table not found: t_user
2018-06-12 16:27:07.261 INFO [main][InformationExtractorJdbcDatabaseMetaDataImpl.java:365] - HHH000262: Table not found: t_user
2018-06-12 16:27:07.432 INFO [main][AbstractEntityManagerFactoryBean.java:379] - Initialized JPA EntityManagerFactory for persistence unit 'default'
2018-06-12 16:27:08.072 INFO [main][RequestMappingHandlerAdapter.java:534] - Looking for @ControllerAdvice: org.springframework.boot.context.embedded.AnnotationConfigEmbeddedWebApplicationContext@27912e3: startup date [Tue Jun 12 16:27:01 GMT+08:00 2018]; root of context hierarchy
2018-06-12 16:27:08.208 INFO [main][AbstractHandlerMethodMapping.java:543] - Mapped "{[/error]}" onto public org.springframework.http.ResponseEntity<java.util.Map<java.lang.String, java.lang.Object>> org.springframework.boot.autoconfigure.web.BasicErrorController.error(javax.servlet.http.HttpServletRequest)
2018-06-12 16:27:08.210 INFO [main][AbstractHandlerMethodMapping.java:543] - Mapped "{[/error],produces=[text/html]}" onto public org.springframework.web.servlet.ModelAndView org.springframework.boot.autoconfigure.web.BasicErrorController.errorHtml(javax.servlet.http.HttpServletRequest,javax.servlet.http.HttpServletResponse)
2018-06-12 16:27:08.253 INFO [main][AbstractUrlHandlerMapping.java:362] - Mapped URL path [/webjars/**] onto handler of type [class org.springframework.web.servlet.resource.ResourceHttpRequestHandler]
2018-06-12 16:27:08.253 INFO [main][AbstractUrlHandlerMapping.java:362] - Mapped URL path [/**] onto handler of type [class org.springframework.web.servlet.resource.ResourceHttpRequestHandler]
2018-06-12 16:27:08.327 INFO [main][AbstractUrlHandlerMapping.java:362] - Mapped URL path [/**/favicon.ico] onto handler of type [class org.springframework.web.servlet.resource.ResourceHttpRequestHandler]
2018-06-12 16:27:09.031 INFO [main][AuthenticationManagerConfiguration.java:173] - 

Using default security password: 4f12e971-2c20-43a5-8682-ea0f56796292

2018-06-12 16:27:09.095 INFO [main][DefaultSecurityFilterChain.java:43] - Creating filter chain: OrRequestMatcher [requestMatchers=[Ant [pattern='/css/**'], Ant [pattern='/js/**'], Ant [pattern='/images/**'], Ant [pattern='/webjars/**'], Ant [pattern='/**/favicon.ico'], Ant [pattern='/error']]], []
2018-06-12 16:27:09.180 INFO [main][DefaultSecurityFilterChain.java:43] - Creating filter chain: org.springframework.boot.autoconfigure.security.SpringBootWebSecurityConfiguration$ApplicationNoWebSecurityConfigurerAdapter$1@a826ff8, [org.springframework.security.web.context.request.async.WebAsyncManagerIntegrationFilter@71f0806b, org.springframework.security.web.context.SecurityContextPersistenceFilter@2b7774d5, org.springframework.security.web.header.HeaderWriterFilter@2321e482, org.springframework.security.web.csrf.CsrfFilter@7bb4ed71, org.springframework.security.web.authentication.logout.LogoutFilter@69ba3f4e, org.springframework.security.web.savedrequest.RequestCacheAwareFilter@44bbb7c6, org.springframework.security.web.servletapi.SecurityContextHolderAwareRequestFilter@1999149e, org.springframework.security.web.authentication.AnonymousAuthenticationFilter@49889154, org.springframework.security.web.session.SessionManagementFilter@5d717f19, org.springframework.security.web.access.ExceptionTranslationFilter@22c8ee48]
2018-06-12 16:27:09.399 INFO [main][MBeanExporter.java:431] - Registering beans for JMX exposure on startup
2018-06-12 16:27:09.421 INFO [main][DirectJDKLog.java:179] - Initializing ProtocolHandler ["http-nio-8081"]
2018-06-12 16:27:09.438 INFO [main][DirectJDKLog.java:179] - Starting ProtocolHandler ["http-nio-8081"]
2018-06-12 16:27:09.459 INFO [main][DirectJDKLog.java:179] - Using a shared selector for servlet write/read
2018-06-12 16:27:09.488 INFO [main][TomcatEmbeddedServletContainer.java:201] - Tomcat started on port(s): 8081 (http)
2018-06-12 16:27:09.495 INFO [main][StartupInfoLogger.java:57] - Started ServerApplication in 8.624 seconds (JVM running for 10.037)
2018-06-12 16:51:34.142 INFO [main][StartupInfoLogger.java:48] - Starting ServerApplication on Terry123123 with PID 6112 (C:\Users\Administrator\git\huarong-core\target\classes started by Administrator in C:\Users\Administrator\git\huarong-core)
2018-06-12 16:51:34.232 INFO [main][SpringApplication.java:597] - The following profiles are active: dev
2018-06-12 16:51:34.330 INFO [main][AbstractApplicationContext.java:583] - Refreshing org.springframework.boot.context.embedded.AnnotationConfigEmbeddedWebApplicationContext@27912e3: startup date [Tue Jun 12 16:51:34 GMT+08:00 2018]; root of context hierarchy
2018-06-12 16:51:34.560 INFO [background-preinit][Version.java:30] - HV000001: Hibernate Validator 5.3.5.Final
2018-06-12 16:51:35.541 INFO [main][RepositoryConfigurationDelegate.java:165] - Multiple Spring Data modules found, entering strict repository configuration mode!
2018-06-12 16:51:35.586 INFO [main][RepositoryConfigurationDelegate.java:165] - Multiple Spring Data modules found, entering strict repository configuration mode!
2018-06-12 16:51:37.109 INFO [main][TomcatEmbeddedServletContainer.java:89] - Tomcat initialized with port(s): 8081 (http)
2018-06-12 16:51:37.129 INFO [main][DirectJDKLog.java:179] - Starting service [Tomcat]
2018-06-12 16:51:37.132 INFO [main][DirectJDKLog.java:179] - Starting Servlet Engine: Apache Tomcat/8.5.20
2018-06-12 16:51:37.383 INFO [localhost-startStop-1][DirectJDKLog.java:179] - Initializing Spring embedded WebApplicationContext
2018-06-12 16:51:37.384 INFO [localhost-startStop-1][EmbeddedWebApplicationContext.java:276] - Root WebApplicationContext: initialization completed in 3060 ms
2018-06-12 16:51:37.811 INFO [localhost-startStop-1][AbstractFilterRegistrationBean.java:258] - Mapping filter: 'characterEncodingFilter' to: [/*]
2018-06-12 16:51:37.811 INFO [localhost-startStop-1][AbstractFilterRegistrationBean.java:258] - Mapping filter: 'hiddenHttpMethodFilter' to: [/*]
2018-06-12 16:51:37.812 INFO [localhost-startStop-1][AbstractFilterRegistrationBean.java:258] - Mapping filter: 'httpPutFormContentFilter' to: [/*]
2018-06-12 16:51:37.812 INFO [localhost-startStop-1][AbstractFilterRegistrationBean.java:258] - Mapping filter: 'requestContextFilter' to: [/*]
2018-06-12 16:51:37.814 INFO [localhost-startStop-1][AbstractFilterRegistrationBean.java:258] - Mapping filter: 'springSecurityFilterChain' to: [/*]
2018-06-12 16:51:37.814 INFO [localhost-startStop-1][ServletRegistrationBean.java:190] - Mapping servlet: 'dispatcherServlet' to [/]
2018-06-12 16:51:38.275 INFO [main][LocalContainerEntityManagerFactoryBean.java:349] - Building JPA container EntityManagerFactory for persistence unit 'default'
2018-06-12 16:51:38.473 INFO [main][Version.java:37] - HHH000412: Hibernate Core {5.0.12.Final}
2018-06-12 16:51:38.475 INFO [main][Environment.java:213] - HHH000206: hibernate.properties not found
2018-06-12 16:51:38.476 INFO [main][Environment.java:317] - HHH000021: Bytecode provider name : javassist
2018-06-12 16:51:38.535 INFO [main][JavaReflectionManager.java:66] - HCANN000001: Hibernate Commons Annotations {5.0.1.Final}
2018-06-12 16:51:39.091 INFO [main][Dialect.java:156] - HHH000400: Using dialect: org.hibernate.dialect.MySQL5Dialect
2018-06-12 16:51:39.719 INFO [main][SchemaUpdate.java:105] - HHH000228: Running hbm2ddl schema update
2018-06-12 16:51:39.743 INFO [main][InformationExtractorJdbcDatabaseMetaDataImpl.java:365] - HHH000262: Table not found: t_user
2018-06-12 16:51:39.745 INFO [main][InformationExtractorJdbcDatabaseMetaDataImpl.java:365] - HHH000262: Table not found: t_user
2018-06-12 16:51:40.157 INFO [main][AbstractEntityManagerFactoryBean.java:379] - Initialized JPA EntityManagerFactory for persistence unit 'default'
2018-06-12 16:51:40.785 INFO [main][RequestMappingHandlerAdapter.java:534] - Looking for @ControllerAdvice: org.springframework.boot.context.embedded.AnnotationConfigEmbeddedWebApplicationContext@27912e3: startup date [Tue Jun 12 16:51:34 GMT+08:00 2018]; root of context hierarchy
2018-06-12 16:51:40.946 INFO [main][AbstractHandlerMethodMapping.java:543] - Mapped "{[/error]}" onto public org.springframework.http.ResponseEntity<java.util.Map<java.lang.String, java.lang.Object>> org.springframework.boot.autoconfigure.web.BasicErrorController.error(javax.servlet.http.HttpServletRequest)
2018-06-12 16:51:40.948 INFO [main][AbstractHandlerMethodMapping.java:543] - Mapped "{[/error],produces=[text/html]}" onto public org.springframework.web.servlet.ModelAndView org.springframework.boot.autoconfigure.web.BasicErrorController.errorHtml(javax.servlet.http.HttpServletRequest,javax.servlet.http.HttpServletResponse)
2018-06-12 16:51:40.985 INFO [main][AbstractUrlHandlerMapping.java:362] - Mapped URL path [/webjars/**] onto handler of type [class org.springframework.web.servlet.resource.ResourceHttpRequestHandler]
2018-06-12 16:51:40.985 INFO [main][AbstractUrlHandlerMapping.java:362] - Mapped URL path [/**] onto handler of type [class org.springframework.web.servlet.resource.ResourceHttpRequestHandler]
2018-06-12 16:51:41.038 INFO [main][AbstractUrlHandlerMapping.java:362] - Mapped URL path [/**/favicon.ico] onto handler of type [class org.springframework.web.servlet.resource.ResourceHttpRequestHandler]
2018-06-12 16:51:41.842 INFO [main][AuthenticationManagerConfiguration.java:173] - 

Using default security password: fdb5b6cc-3f73-4e2f-8876-8dc3645ebfba

2018-06-12 16:51:41.922 INFO [main][DefaultSecurityFilterChain.java:43] - Creating filter chain: OrRequestMatcher [requestMatchers=[Ant [pattern='/css/**'], Ant [pattern='/js/**'], Ant [pattern='/images/**'], Ant [pattern='/webjars/**'], Ant [pattern='/**/favicon.ico'], Ant [pattern='/error']]], []
2018-06-12 16:51:42.044 INFO [main][DefaultSecurityFilterChain.java:43] - Creating filter chain: org.springframework.boot.autoconfigure.security.SpringBootWebSecurityConfiguration$ApplicationNoWebSecurityConfigurerAdapter$1@a826ff8, [org.springframework.security.web.context.request.async.WebAsyncManagerIntegrationFilter@71f0806b, org.springframework.security.web.context.SecurityContextPersistenceFilter@2b7774d5, org.springframework.security.web.header.HeaderWriterFilter@2321e482, org.springframework.security.web.csrf.CsrfFilter@7bb4ed71, org.springframework.security.web.authentication.logout.LogoutFilter@69ba3f4e, org.springframework.security.web.savedrequest.RequestCacheAwareFilter@44bbb7c6, org.springframework.security.web.servletapi.SecurityContextHolderAwareRequestFilter@1999149e, org.springframework.security.web.authentication.AnonymousAuthenticationFilter@49889154, org.springframework.security.web.session.SessionManagementFilter@5d717f19, org.springframework.security.web.access.ExceptionTranslationFilter@22c8ee48]
2018-06-12 16:51:42.305 INFO [main][MBeanExporter.java:431] - Registering beans for JMX exposure on startup
2018-06-12 16:51:42.333 INFO [main][DirectJDKLog.java:179] - Initializing ProtocolHandler ["http-nio-8081"]
2018-06-12 16:51:42.354 INFO [main][DirectJDKLog.java:179] - Starting ProtocolHandler ["http-nio-8081"]
2018-06-12 16:51:42.374 INFO [main][DirectJDKLog.java:179] - Using a shared selector for servlet write/read
2018-06-12 16:51:42.403 INFO [main][TomcatEmbeddedServletContainer.java:201] - Tomcat started on port(s): 8081 (http)
2018-06-12 16:51:42.409 INFO [main][StartupInfoLogger.java:57] - Started ServerApplication in 8.69 seconds (JVM running for 10.191)
